{"/workspaces/lead-recovery-1/backend/src/app.module.ts": {"path":"/workspaces/lead-recovery-1/backend/src/app.module.ts","statementMap":{"0":{"start":{"line":1,"column":0},"end":{"line":1,"column":40}},"1":{"start":{"line":2,"column":0},"end":{"line":2,"column":68}},"2":{"start":{"line":3,"column":0},"end":{"line":3,"column":61}},"3":{"start":{"line":4,"column":0},"end":{"line":4,"column":67}},"4":{"start":{"line":5,"column":0},"end":{"line":5,"column":54}},"5":{"start":{"line":6,"column":0},"end":{"line":6,"column":56}},"6":{"start":{"line":7,"column":0},"end":{"line":7,"column":65}},"7":{"start":{"line":8,"column":0},"end":{"line":8,"column":111}},"8":{"start":{"line":9,"column":0},"end":{"line":9,"column":113}},"9":{"start":{"line":10,"column":0},"end":{"line":10,"column":126}},"10":{"start":{"line":11,"column":0},"end":{"line":11,"column":128}},"11":{"start":{"line":42,"column":7},"end":{"line":42,"column":null}},"12":{"start":{"line":42,"column":13},"end":{"line":42,"column":22}},"13":{"start":{"line":42,"column":13},"end":{"line":42,"column":null}},"14":{"start":{"line":33,"column":25},"end":{"line":33,"column":45}},"15":{"start":{"line":34,"column":8},"end":{"line":34,"column":103}},"16":{"start":{"line":35,"column":8},"end":{"line":35,"column":113}},"17":{"start":{"line":36,"column":8},"end":{"line":36,"column":24}}},"fnMap":{"0":{"name":"(anonymous_1)","decl":{"start":{"line":29,"column":18},"end":{"line":29,"column":null}},"loc":{"start":{"line":32,"column":10},"end":{"line":37,"column":7}}}},"branchMap":{},"s":{"0":0,"1":0,"2":0,"3":0,"4":0,"5":0,"6":0,"7":0,"8":0,"9":0,"10":0,"11":0,"12":0,"13":0,"14":0,"15":0,"16":0,"17":0},"f":{"0":0},"b":{}}
,"/workspaces/lead-recovery-1/backend/src/main.ts": {"path":"/workspaces/lead-recovery-1/backend/src/main.ts","statementMap":{"0":{"start":{"line":1,"column":0},"end":{"line":1,"column":26}},"1":{"start":{"line":2,"column":0},"end":{"line":2,"column":43}},"2":{"start":{"line":3,"column":0},"end":{"line":3,"column":41}},"3":{"start":{"line":4,"column":0},"end":{"line":4,"column":70}},"4":{"start":{"line":5,"column":0},"end":{"line":5,"column":78}},"5":{"start":{"line":8,"column":14},"end":{"line":8,"column":71}},"6":{"start":{"line":9,"column":2},"end":{"line":9,"column":29}},"7":{"start":{"line":11,"column":24},"end":{"line":11,"column":49}},"8":{"start":{"line":12,"column":31},"end":{"line":12,"column":60}},"9":{"start":{"line":14,"column":2},"end":{"line":22,"column":5}},"10":{"start":{"line":15,"column":23},"end":{"line":15,"column":90}},"11":{"start":{"line":16,"column":24},"end":{"line":16,"column":51}},"12":{"start":{"line":17,"column":26},"end":{"line":19,"column":42}},"13":{"start":{"line":21,"column":4},"end":{"line":21,"column":50}},"14":{"start":{"line":24,"column":2},"end":{"line":24,"column":55}},"15":{"start":{"line":27,"column":0},"end":{"line":27,"column":17}}},"fnMap":{"0":{"name":"bootstrap","decl":{"start":{"line":7,"column":15},"end":{"line":7,"column":24}},"loc":{"start":{"line":7,"column":24},"end":{"line":25,"column":1}}},"1":{"name":"(anonymous_1)","decl":{"start":{"line":14,"column":10},"end":{"line":14,"column":11}},"loc":{"start":{"line":14,"column":119},"end":{"line":22,"column":3}}}},"branchMap":{"0":{"loc":{"start":{"line":17,"column":26},"end":{"line":19,"column":42}},"type":"cond-expr","locations":[{"start":{"line":18,"column":8},"end":{"line":18,"column":22}},{"start":{"line":19,"column":8},"end":{"line":19,"column":42}}]},"1":{"loc":{"start":{"line":19,"column":8},"end":{"line":19,"column":42}},"type":"binary-expr","locations":[{"start":{"line":19,"column":8},"end":{"line":19,"column":19}},{"start":{"line":19,"column":23},"end":{"line":19,"column":42}}]}},"s":{"0":0,"1":0,"2":0,"3":0,"4":0,"5":0,"6":0,"7":0,"8":0,"9":0,"10":0,"11":0,"12":0,"13":0,"14":0,"15":0},"f":{"0":0,"1":0},"b":{"0":[0,0],"1":[0,0]}}
,"/workspaces/lead-recovery-1/backend/src/adapters/crm/crm.tokens.ts": {"path":"/workspaces/lead-recovery-1/backend/src/adapters/crm/crm.tokens.ts","statementMap":{"0":{"start":{"line":1,"column":13},"end":{"line":1,"column":49}}},"fnMap":{},"branchMap":{},"s":{"0":0},"f":{},"b":{}}
,"/workspaces/lead-recovery-1/backend/src/adapters/crm/mock-crm-adapter.ts": {"path":"/workspaces/lead-recovery-1/backend/src/adapters/crm/mock-crm-adapter.ts","statementMap":{"0":{"start":{"line":1,"column":0},"end":{"line":1,"column":44}},"1":{"start":{"line":6,"column":0},"end":{"line":6,"column":79}},"2":{"start":{"line":9,"column":7},"end":{"line":51,"column":null}},"3":{"start":{"line":10,"column":31},"end":{"line":10,"column":61}},"4":{"start":{"line":11,"column":27},"end":{"line":11,"column":53}},"5":{"start":{"line":12,"column":36},"end":{"line":12,"column":71}},"6":{"start":{"line":15,"column":21},"end":{"line":15,"column":68}},"7":{"start":{"line":15,"column":52},"end":{"line":15,"column":67}},"8":{"start":{"line":16,"column":4},"end":{"line":18,"column":5}},"9":{"start":{"line":17,"column":6},"end":{"line":17,"column":51}},"10":{"start":{"line":19,"column":4},"end":{"line":19,"column":37}},"11":{"start":{"line":23,"column":17},"end":{"line":23,"column":60}},"12":{"start":{"line":23,"column":44},"end":{"line":23,"column":59}},"13":{"start":{"line":24,"column":4},"end":{"line":26,"column":5}},"14":{"start":{"line":25,"column":6},"end":{"line":25,"column":47}},"15":{"start":{"line":27,"column":4},"end":{"line":27,"column":33}},"16":{"start":{"line":31,"column":4},"end":{"line":31,"column":112}},"17":{"start":{"line":31,"column":55},"end":{"line":31,"column":109}},"18":{"start":{"line":35,"column":17},"end":{"line":35,"column":64}},"19":{"start":{"line":35,"column":44},"end":{"line":35,"column":63}},"20":{"start":{"line":36,"column":4},"end":{"line":38,"column":5}},"21":{"start":{"line":37,"column":6},"end":{"line":37,"column":51}},"22":{"start":{"line":39,"column":4},"end":{"line":39,"column":25}},"23":{"start":{"line":43,"column":20},"end":{"line":44,"column":null}},"24":{"start":{"line":44,"column":17},"end":{"line":44,"column":79}},"25":{"start":{"line":46,"column":4},"end":{"line":48,"column":5}},"26":{"start":{"line":47,"column":6},"end":{"line":47,"column":100}},"27":{"start":{"line":49,"column":4},"end":{"line":49,"column":36}},"28":{"start":{"line":9,"column":13},"end":{"line":9,"column":27}},"29":{"start":{"line":9,"column":13},"end":{"line":51,"column":null}}},"fnMap":{"0":{"name":"(anonymous_1)","decl":{"start":{"line":14,"column":2},"end":{"line":14,"column":7}},"loc":{"start":{"line":14,"column":34},"end":{"line":20,"column":3}}},"1":{"name":"(anonymous_2)","decl":{"start":{"line":15,"column":41},"end":{"line":15,"column":42}},"loc":{"start":{"line":15,"column":52},"end":{"line":15,"column":67}}},"2":{"name":"(anonymous_3)","decl":{"start":{"line":22,"column":2},"end":{"line":22,"column":7}},"loc":{"start":{"line":22,"column":30},"end":{"line":28,"column":3}}},"3":{"name":"(anonymous_4)","decl":{"start":{"line":23,"column":33},"end":{"line":23,"column":34}},"loc":{"start":{"line":23,"column":44},"end":{"line":23,"column":59}}},"4":{"name":"(anonymous_5)","decl":{"start":{"line":30,"column":2},"end":{"line":30,"column":7}},"loc":{"start":{"line":30,"column":63},"end":{"line":32,"column":3}}},"5":{"name":"(anonymous_6)","decl":{"start":{"line":31,"column":45},"end":{"line":31,"column":46}},"loc":{"start":{"line":31,"column":55},"end":{"line":31,"column":109}}},"6":{"name":"(anonymous_7)","decl":{"start":{"line":34,"column":2},"end":{"line":34,"column":7}},"loc":{"start":{"line":34,"column":59},"end":{"line":40,"column":3}}},"7":{"name":"(anonymous_8)","decl":{"start":{"line":35,"column":33},"end":{"line":35,"column":34}},"loc":{"start":{"line":35,"column":44},"end":{"line":35,"column":63}}},"8":{"name":"(anonymous_9)","decl":{"start":{"line":42,"column":2},"end":{"line":42,"column":7}},"loc":{"start":{"line":42,"column":69},"end":{"line":50,"column":3}}},"9":{"name":"(anonymous_10)","decl":{"start":{"line":44,"column":6},"end":{"line":44,"column":7}},"loc":{"start":{"line":44,"column":17},"end":{"line":44,"column":79}}}},"branchMap":{"0":{"loc":{"start":{"line":16,"column":4},"end":{"line":18,"column":5}},"type":"if","locations":[{"start":{"line":16,"column":4},"end":{"line":18,"column":5}}]},"1":{"loc":{"start":{"line":24,"column":4},"end":{"line":26,"column":5}},"type":"if","locations":[{"start":{"line":24,"column":4},"end":{"line":26,"column":5}}]},"2":{"loc":{"start":{"line":31,"column":55},"end":{"line":31,"column":109}},"type":"binary-expr","locations":[{"start":{"line":31,"column":55},"end":{"line":31,"column":81}},{"start":{"line":31,"column":85},"end":{"line":31,"column":109}}]},"3":{"loc":{"start":{"line":36,"column":4},"end":{"line":38,"column":5}},"type":"if","locations":[{"start":{"line":36,"column":4},"end":{"line":38,"column":5}}]},"4":{"loc":{"start":{"line":44,"column":17},"end":{"line":44,"column":79}},"type":"binary-expr","locations":[{"start":{"line":44,"column":17},"end":{"line":44,"column":48}},{"start":{"line":44,"column":52},"end":{"line":44,"column":79}}]},"5":{"loc":{"start":{"line":46,"column":4},"end":{"line":48,"column":5}},"type":"if","locations":[{"start":{"line":46,"column":4},"end":{"line":48,"column":5}}]}},"s":{"0":0,"1":0,"2":0,"3":0,"4":0,"5":0,"6":0,"7":0,"8":0,"9":0,"10":0,"11":0,"12":0,"13":0,"14":0,"15":0,"16":0,"17":0,"18":0,"19":0,"20":0,"21":0,"22":0,"23":0,"24":0,"25":0,"26":0,"27":0,"28":0,"29":0},"f":{"0":0,"1":0,"2":0,"3":0,"4":0,"5":0,"6":0,"7":0,"8":0,"9":0},"b":{"0":[0],"1":[0],"2":[0,0],"3":[0],"4":[0,0],"5":[0]}}
,"/workspaces/lead-recovery-1/backend/src/adapters/crm/mock-crm.data.ts": {"path":"/workspaces/lead-recovery-1/backend/src/adapters/crm/mock-crm.data.ts","statementMap":{"0":{"start":{"line":5,"column":12},"end":{"line":5,"column":48}},"1":{"start":{"line":7,"column":13},"end":{"line":26,"column":2}},"2":{"start":{"line":28,"column":13},"end":{"line":49,"column":2}},"3":{"start":{"line":51,"column":13},"end":{"line":112,"column":2}},"4":{"start":{"line":114,"column":13},"end":{"line":151,"column":2}}},"fnMap":{},"branchMap":{},"s":{"0":0,"1":0,"2":0,"3":0,"4":0},"f":{},"b":{}}
,"/workspaces/lead-recovery-1/backend/src/common/config/app-config.module.ts": {"path":"/workspaces/lead-recovery-1/backend/src/common/config/app-config.module.ts","statementMap":{"0":{"start":{"line":1,"column":0},"end":{"line":1,"column":48}},"1":{"start":{"line":2,"column":0},"end":{"line":2,"column":56}},"2":{"start":{"line":9,"column":7},"end":{"line":9,"column":null}},"3":{"start":{"line":9,"column":13},"end":{"line":9,"column":28}},"4":{"start":{"line":9,"column":13},"end":{"line":9,"column":null}}},"fnMap":{},"branchMap":{},"s":{"0":0,"1":0,"2":0,"3":0,"4":0},"f":{},"b":{}}
,"/workspaces/lead-recovery-1/backend/src/common/config/app-config.service.ts": {"path":"/workspaces/lead-recovery-1/backend/src/common/config/app-config.service.ts","statementMap":{"0":{"start":{"line":1,"column":0},"end":{"line":1,"column":44}},"1":{"start":{"line":2,"column":0},"end":{"line":2,"column":46}},"2":{"start":{"line":3,"column":0},"end":{"line":3,"column":28}},"3":{"start":{"line":4,"column":0},"end":{"line":4,"column":27}},"4":{"start":{"line":5,"column":0},"end":{"line":5,"column":73}},"5":{"start":{"line":10,"column":7},"end":{"line":76,"column":null}},"6":{"start":{"line":14,"column":4},"end":{"line":14,"column":30}},"7":{"start":{"line":18,"column":4},"end":{"line":18,"column":23}},"8":{"start":{"line":22,"column":26},"end":{"line":22,"column":55}},"9":{"start":{"line":23,"column":28},"end":{"line":23,"column":48}},"10":{"start":{"line":24,"column":30},"end":{"line":24,"column":100}},"11":{"start":{"line":25,"column":25},"end":{"line":25,"column":48}},"12":{"start":{"line":26,"column":4},"end":{"line":26,"column":98}},"13":{"start":{"line":30,"column":23},"end":{"line":30,"column":62}},"14":{"start":{"line":31,"column":4},"end":{"line":36,"column":5}},"15":{"start":{"line":32,"column":6},"end":{"line":34,"column":7}},"16":{"start":{"line":33,"column":8},"end":{"line":33,"column":62}},"17":{"start":{"line":35,"column":6},"end":{"line":35,"column":16}},"18":{"start":{"line":38,"column":20},"end":{"line":38,"column":52}},"19":{"start":{"line":39,"column":4},"end":{"line":39,"column":65}},"20":{"start":{"line":43,"column":35},"end":{"line":43,"column":37}},"21":{"start":{"line":45,"column":4},"end":{"line":47,"column":5}},"22":{"start":{"line":46,"column":6},"end":{"line":46,"column":61}},"23":{"start":{"line":49,"column":4},"end":{"line":51,"column":5}},"24":{"start":{"line":50,"column":6},"end":{"line":50,"column":110}},"25":{"start":{"line":53,"column":4},"end":{"line":55,"column":5}},"26":{"start":{"line":54,"column":6},"end":{"line":54,"column":117}},"27":{"start":{"line":57,"column":4},"end":{"line":57,"column":21}},"28":{"start":{"line":61,"column":4},"end":{"line":70,"column":11}},"29":{"start":{"line":62,"column":6},"end":{"line":68,"column":7}},"30":{"start":{"line":63,"column":8},"end":{"line":67,"column":9}},"31":{"start":{"line":64,"column":10},"end":{"line":64,"column":84}},"32":{"start":{"line":66,"column":10},"end":{"line":66,"column":35}},"33":{"start":{"line":69,"column":6},"end":{"line":69,"column":25}},"34":{"start":{"line":74,"column":4},"end":{"line":74,"column":80}},"35":{"start":{"line":10,"column":13},"end":{"line":10,"column":29}},"36":{"start":{"line":10,"column":13},"end":{"line":76,"column":null}}},"fnMap":{"0":{"name":"(anonymous_3)","decl":{"start":{"line":13,"column":2},"end":{"line":13,"column":null}},"loc":{"start":{"line":13,"column":2},"end":{"line":15,"column":3}}},"1":{"name":"(anonymous_4)","decl":{"start":{"line":17,"column":2},"end":{"line":17,"column":11}},"loc":{"start":{"line":17,"column":11},"end":{"line":19,"column":3}}},"2":{"name":"(anonymous_5)","decl":{"start":{"line":21,"column":10},"end":{"line":21,"column":14}},"loc":{"start":{"line":21,"column":14},"end":{"line":27,"column":3}}},"3":{"name":"(anonymous_6)","decl":{"start":{"line":29,"column":10},"end":{"line":29,"column":18}},"loc":{"start":{"line":29,"column":52},"end":{"line":40,"column":3}}},"4":{"name":"(anonymous_7)","decl":{"start":{"line":42,"column":10},"end":{"line":42,"column":26}},"loc":{"start":{"line":42,"column":26},"end":{"line":58,"column":3}}},"5":{"name":"(anonymous_8)","decl":{"start":{"line":60,"column":10},"end":{"line":60,"column":19}},"loc":{"start":{"line":60,"column":45},"end":{"line":71,"column":3}}},"6":{"name":"(anonymous_9)","decl":{"start":{"line":61,"column":39},"end":{"line":61,"column":40}},"loc":{"start":{"line":61,"column":64},"end":{"line":70,"column":5}}},"7":{"name":"(anonymous_10)","decl":{"start":{"line":73,"column":10},"end":{"line":73,"column":23}},"loc":{"start":{"line":73,"column":38},"end":{"line":75,"column":3}}}},"branchMap":{"0":{"loc":{"start":{"line":24,"column":30},"end":{"line":24,"column":100}},"type":"cond-expr","locations":[{"start":{"line":24,"column":48},"end":{"line":24,"column":95}},{"start":{"line":24,"column":98},"end":{"line":24,"column":100}}]},"1":{"loc":{"start":{"line":29,"column":37},"end":{"line":29,"column":52}},"type":"default-arg","locations":[{"start":{"line":29,"column":48},"end":{"line":29,"column":52}}]},"2":{"loc":{"start":{"line":31,"column":4},"end":{"line":36,"column":5}},"type":"if","locations":[{"start":{"line":31,"column":4},"end":{"line":36,"column":5}}]},"3":{"loc":{"start":{"line":32,"column":6},"end":{"line":34,"column":7}},"type":"if","locations":[{"start":{"line":32,"column":6},"end":{"line":34,"column":7}}]},"4":{"loc":{"start":{"line":39,"column":12},"end":{"line":39,"column":64}},"type":"binary-expr","locations":[{"start":{"line":39,"column":12},"end":{"line":39,"column":58}},{"start":{"line":39,"column":62},"end":{"line":39,"column":64}}]},"5":{"loc":{"start":{"line":45,"column":4},"end":{"line":47,"column":5}},"type":"if","locations":[{"start":{"line":45,"column":4},"end":{"line":47,"column":5}}]},"6":{"loc":{"start":{"line":49,"column":4},"end":{"line":51,"column":5}},"type":"if","locations":[{"start":{"line":49,"column":4},"end":{"line":51,"column":5}}]},"7":{"loc":{"start":{"line":53,"column":4},"end":{"line":55,"column":5}},"type":"if","locations":[{"start":{"line":53,"column":4},"end":{"line":55,"column":5}}]},"8":{"loc":{"start":{"line":63,"column":8},"end":{"line":67,"column":9}},"type":"if","locations":[{"start":{"line":63,"column":8},"end":{"line":67,"column":9}},{"start":{"line":65,"column":15},"end":{"line":67,"column":9}}]},"9":{"loc":{"start":{"line":63,"column":12},"end":{"line":63,"column":77}},"type":"binary-expr","locations":[{"start":{"line":63,"column":12},"end":{"line":63,"column":37}},{"start":{"line":63,"column":41},"end":{"line":63,"column":77}}]},"10":{"loc":{"start":{"line":74,"column":11},"end":{"line":74,"column":79}},"type":"binary-expr","locations":[{"start":{"line":74,"column":11},"end":{"line":74,"column":36}},{"start":{"line":74,"column":40},"end":{"line":74,"column":54}},{"start":{"line":74,"column":58},"end":{"line":74,"column":79}}]}},"s":{"0":1,"1":1,"2":1,"3":1,"4":1,"5":1,"6":3,"7":5,"8":3,"9":3,"10":3,"11":3,"12":3,"13":4,"14":4,"15":0,"16":0,"17":0,"18":4,"19":4,"20":3,"21":3,"22":1,"23":3,"24":0,"25":3,"26":1,"27":3,"28":7,"29":17,"30":30,"31":4,"32":26,"33":17,"34":45,"35":1,"36":1},"f":{"0":3,"1":5,"2":3,"3":4,"4":3,"5":7,"6":17,"7":45},"b":{"0":[1,2],"1":[3],"2":[0],"3":[0],"4":[4,0],"5":[1],"6":[0],"7":[1],"8":[4,26],"9":[30,15],"10":[45,19,19]}}
,"/workspaces/lead-recovery-1/backend/src/common/config/config.schema.ts": {"path":"/workspaces/lead-recovery-1/backend/src/common/config/config.schema.ts","statementMap":{"0":{"start":{"line":88,"column":0},"end":{"line":88,"column":16}},"1":{"start":{"line":1,"column":0},"end":{"line":1,"column":42}},"2":{"start":{"line":29,"column":47},"end":{"line":83,"column":2}},"3":{"start":{"line":85,"column":12},"end":{"line":85,"column":40}},"4":{"start":{"line":86,"column":18},"end":{"line":86,"column":37}},"5":{"start":{"line":89,"column":2},"end":{"line":91,"column":3}},"6":{"start":{"line":90,"column":4},"end":{"line":90,"column":18}},"7":{"start":{"line":93,"column":17},"end":{"line":93,"column":109}},"8":{"start":{"line":93,"column":50},"end":{"line":93,"column":97}},"9":{"start":{"line":94,"column":2},"end":{"line":94,"column":78}}},"fnMap":{"0":{"name":"validateResolvedConfig","decl":{"start":{"line":88,"column":16},"end":{"line":88,"column":38}},"loc":{"start":{"line":88,"column":54},"end":{"line":95,"column":1}}},"1":{"name":"(anonymous_2)","decl":{"start":{"line":93,"column":39},"end":{"line":93,"column":40}},"loc":{"start":{"line":93,"column":50},"end":{"line":93,"column":97}}}},"branchMap":{"0":{"loc":{"start":{"line":89,"column":2},"end":{"line":91,"column":3}},"type":"if","locations":[{"start":{"line":89,"column":2},"end":{"line":91,"column":3}}]},"1":{"loc":{"start":{"line":93,"column":53},"end":{"line":93,"column":78}},"type":"binary-expr","locations":[{"start":{"line":93,"column":53},"end":{"line":93,"column":71}},{"start":{"line":93,"column":75},"end":{"line":93,"column":78}}]},"2":{"loc":{"start":{"line":94,"column":49},"end":{"line":94,"column":74}},"type":"binary-expr","locations":[{"start":{"line":94,"column":49},"end":{"line":94,"column":55}},{"start":{"line":94,"column":59},"end":{"line":94,"column":74}}]}},"s":{"0":1,"1":1,"2":1,"3":1,"4":1,"5":3,"6":2,"7":1,"8":7,"9":1},"f":{"0":3,"1":7},"b":{"0":[2],"1":[7,4],"2":[1,0]}}
,"/workspaces/lead-recovery-1/backend/src/common/errors/workflow-module.error.ts": {"path":"/workspaces/lead-recovery-1/backend/src/common/errors/workflow-module.error.ts","statementMap":{"0":{"start":{"line":6,"column":4},"end":{"line":6,"column":19}},"1":{"start":{"line":4,"column":20},"end":{"line":4,"column":36}},"2":{"start":{"line":7,"column":4},"end":{"line":7,"column":38}},"3":{"start":{"line":1,"column":0},"end":{"line":1,"column":13}}},"fnMap":{"0":{"name":"(anonymous_0)","decl":{"start":{"line":2,"column":2},"end":{"line":2,"column":null}},"loc":{"start":{"line":4,"column":36},"end":{"line":8,"column":3}}}},"branchMap":{},"s":{"0":0,"1":0,"2":0,"3":0},"f":{"0":0},"b":{}}
,"/workspaces/lead-recovery-1/backend/src/common/logger/correlation-id.service.ts": {"path":"/workspaces/lead-recovery-1/backend/src/common/logger/correlation-id.service.ts","statementMap":{"0":{"start":{"line":1,"column":0},"end":{"line":1,"column":44}},"1":{"start":{"line":2,"column":0},"end":{"line":2,"column":48}},"2":{"start":{"line":5,"column":7},"end":{"line":15,"column":null}},"3":{"start":{"line":6,"column":29},"end":{"line":6,"column":60}},"4":{"start":{"line":9,"column":4},"end":{"line":9,"column":53}},"5":{"start":{"line":13,"column":4},"end":{"line":13,"column":35}},"6":{"start":{"line":5,"column":13},"end":{"line":5,"column":33}},"7":{"start":{"line":5,"column":13},"end":{"line":15,"column":null}}},"fnMap":{"0":{"name":"(anonymous_1)","decl":{"start":{"line":8,"column":2},"end":{"line":8,"column":5}},"loc":{"start":{"line":8,"column":49},"end":{"line":10,"column":3}}},"1":{"name":"(anonymous_2)","decl":{"start":{"line":12,"column":2},"end":{"line":12,"column":18}},"loc":{"start":{"line":12,"column":18},"end":{"line":14,"column":3}}}},"branchMap":{},"s":{"0":0,"1":0,"2":0,"3":0,"4":0,"5":0,"6":0,"7":0},"f":{"0":0,"1":0},"b":{}}
,"/workspaces/lead-recovery-1/backend/src/common/logger/logger.module.ts": {"path":"/workspaces/lead-recovery-1/backend/src/common/logger/logger.module.ts","statementMap":{"0":{"start":{"line":1,"column":0},"end":{"line":1,"column":48}},"1":{"start":{"line":2,"column":0},"end":{"line":2,"column":64}},"2":{"start":{"line":3,"column":0},"end":{"line":3,"column":56}},"3":{"start":{"line":10,"column":7},"end":{"line":10,"column":null}},"4":{"start":{"line":10,"column":13},"end":{"line":10,"column":25}},"5":{"start":{"line":10,"column":13},"end":{"line":10,"column":null}}},"fnMap":{},"branchMap":{},"s":{"0":0,"1":0,"2":0,"3":0,"4":0,"5":0},"f":{},"b":{}}
,"/workspaces/lead-recovery-1/backend/src/common/registry/module-registry.ts": {"path":"/workspaces/lead-recovery-1/backend/src/common/registry/module-registry.ts","statementMap":{"0":{"start":{"line":2,"column":29},"end":{"line":2,"column":83}},"1":{"start":{"line":5,"column":4},"end":{"line":5,"column":43}},"2":{"start":{"line":9,"column":18},"end":{"line":9,"column":38}},"3":{"start":{"line":10,"column":4},"end":{"line":12,"column":5}},"4":{"start":{"line":11,"column":6},"end":{"line":11,"column":49}},"5":{"start":{"line":13,"column":4},"end":{"line":13,"column":37}},"6":{"start":{"line":17,"column":4},"end":{"line":19,"column":36}},"7":{"start":{"line":18,"column":26},"end":{"line":18,"column":77}},"8":{"start":{"line":19,"column":22},"end":{"line":19,"column":34}},"9":{"start":{"line":23,"column":4},"end":{"line":23,"column":32}},"10":{"start":{"line":1,"column":0},"end":{"line":1,"column":13}}},"fnMap":{"0":{"name":"(anonymous_0)","decl":{"start":{"line":4,"column":2},"end":{"line":4,"column":10}},"loc":{"start":{"line":4,"column":59},"end":{"line":6,"column":3}}},"1":{"name":"(anonymous_1)","decl":{"start":{"line":8,"column":2},"end":{"line":8,"column":5}},"loc":{"start":{"line":8,"column":43},"end":{"line":14,"column":3}}},"2":{"name":"(anonymous_2)","decl":{"start":{"line":16,"column":2},"end":{"line":16,"column":8}},"loc":{"start":{"line":16,"column":21},"end":{"line":20,"column":3}}},"3":{"name":"(anonymous_3)","decl":{"start":{"line":18,"column":14},"end":{"line":18,"column":15}},"loc":{"start":{"line":18,"column":26},"end":{"line":18,"column":77}}},"4":{"name":"(anonymous_4)","decl":{"start":{"line":19,"column":11},"end":{"line":19,"column":12}},"loc":{"start":{"line":19,"column":22},"end":{"line":19,"column":34}}},"5":{"name":"(anonymous_5)","decl":{"start":{"line":22,"column":2},"end":{"line":22,"column":5}},"loc":{"start":{"line":22,"column":16},"end":{"line":24,"column":3}}}},"branchMap":{"0":{"loc":{"start":{"line":4,"column":40},"end":{"line":4,"column":59}},"type":"default-arg","locations":[{"start":{"line":4,"column":57},"end":{"line":4,"column":59}}]},"1":{"loc":{"start":{"line":10,"column":4},"end":{"line":12,"column":5}},"type":"if","locations":[{"start":{"line":10,"column":4},"end":{"line":12,"column":5}}]},"2":{"loc":{"start":{"line":18,"column":26},"end":{"line":18,"column":77}},"type":"cond-expr","locations":[{"start":{"line":18,"column":46},"end":{"line":18,"column":50}},{"start":{"line":18,"column":53},"end":{"line":18,"column":77}}]}},"s":{"0":3,"1":3,"2":2,"3":2,"4":1,"5":1,"6":2,"7":4,"8":3,"9":1,"10":1},"f":{"0":3,"1":2,"2":2,"3":4,"4":3,"5":1},"b":{"0":[0],"1":[1],"2":[2,2]}}
,"/workspaces/lead-recovery-1/backend/src/health/health.controller.ts": {"path":"/workspaces/lead-recovery-1/backend/src/health/health.controller.ts","statementMap":{"0":{"start":{"line":1,"column":0},"end":{"line":1,"column":49}},"1":{"start":{"line":2,"column":0},"end":{"line":2,"column":71}},"2":{"start":{"line":5,"column":7},"end":{"line":17,"column":null}},"3":{"start":{"line":6,"column":31},"end":{"line":6,"column":46}},"4":{"start":{"line":10,"column":4},"end":{"line":15,"column":6}},"5":{"start":{"line":5,"column":13},"end":{"line":5,"column":29}},"6":{"start":{"line":9,"column":2},"end":{"line":16,"column":null}},"7":{"start":{"line":5,"column":13},"end":{"line":17,"column":null}}},"fnMap":{"0":{"name":"(anonymous_2)","decl":{"start":{"line":6,"column":2},"end":{"line":6,"column":31}},"loc":{"start":{"line":6,"column":62},"end":{"line":6,"column":66}}},"1":{"name":"(anonymous_3)","decl":{"start":{"line":9,"column":2},"end":{"line":9,"column":11}},"loc":{"start":{"line":9,"column":11},"end":{"line":16,"column":3}}}},"branchMap":{"0":{"loc":{"start":{"line":12,"column":15},"end":{"line":12,"column":57}},"type":"binary-expr","locations":[{"start":{"line":12,"column":15},"end":{"line":12,"column":46}},{"start":{"line":12,"column":50},"end":{"line":12,"column":57}}]}},"s":{"0":0,"1":0,"2":0,"3":0,"4":0,"5":0,"6":0,"7":0},"f":{"0":0,"1":0},"b":{"0":[0,0]}}
,"/workspaces/lead-recovery-1/backend/src/health/health.module.ts": {"path":"/workspaces/lead-recovery-1/backend/src/health/health.module.ts","statementMap":{"0":{"start":{"line":1,"column":0},"end":{"line":1,"column":40}},"1":{"start":{"line":2,"column":0},"end":{"line":2,"column":55}},"2":{"start":{"line":7,"column":7},"end":{"line":7,"column":null}},"3":{"start":{"line":7,"column":13},"end":{"line":7,"column":25}},"4":{"start":{"line":7,"column":13},"end":{"line":7,"column":null}}},"fnMap":{},"branchMap":{},"s":{"0":0,"1":0,"2":0,"3":0,"4":0},"f":{},"b":{}}
,"/workspaces/lead-recovery-1/backend/src/modules/customer-context-acquisition/customer-context-acquisition.module.ts": {"path":"/workspaces/lead-recovery-1/backend/src/modules/customer-context-acquisition/customer-context-acquisition.module.ts","statementMap":{"0":{"start":{"line":1,"column":0},"end":{"line":1,"column":40}},"1":{"start":{"line":2,"column":0},"end":{"line":2,"column":91}},"2":{"start":{"line":8,"column":7},"end":{"line":8,"column":null}},"3":{"start":{"line":8,"column":13},"end":{"line":8,"column":45}},"4":{"start":{"line":8,"column":13},"end":{"line":8,"column":null}}},"fnMap":{},"branchMap":{},"s":{"0":0,"1":0,"2":0,"3":0,"4":0},"f":{},"b":{}}
,"/workspaces/lead-recovery-1/backend/src/modules/customer-data-retrieval/customer-data-retrieval.module.ts": {"path":"/workspaces/lead-recovery-1/backend/src/modules/customer-data-retrieval/customer-data-retrieval.module.ts","statementMap":{"0":{"start":{"line":1,"column":0},"end":{"line":1,"column":40}},"1":{"start":{"line":2,"column":0},"end":{"line":2,"column":81}},"2":{"start":{"line":8,"column":7},"end":{"line":8,"column":null}},"3":{"start":{"line":8,"column":13},"end":{"line":8,"column":40}},"4":{"start":{"line":8,"column":13},"end":{"line":8,"column":null}}},"fnMap":{},"branchMap":{},"s":{"0":0,"1":0,"2":0,"3":0,"4":0},"f":{},"b":{}}
}
