TN:
SF:src/app.module.ts
FN:29,(anonymous_1)
FNF:1
FNH:0
FNDA:0,(anonymous_1)
DA:1,0
DA:2,0
DA:3,0
DA:4,0
DA:5,0
DA:6,0
DA:7,0
DA:8,0
DA:9,0
DA:10,0
DA:11,0
DA:33,0
DA:34,0
DA:35,0
DA:36,0
DA:42,0
LF:16
LH:0
BRF:0
BRH:0
end_of_record
TN:
SF:src/main.ts
FN:7,bootstrap
FN:14,(anonymous_1)
FNF:2
FNH:0
FNDA:0,bootstrap
FNDA:0,(anonymous_1)
DA:1,0
DA:2,0
DA:3,0
DA:4,0
DA:5,0
DA:8,0
DA:9,0
DA:11,0
DA:12,0
DA:14,0
DA:15,0
DA:16,0
DA:17,0
DA:21,0
DA:24,0
DA:27,0
LF:16
LH:0
BRDA:17,0,0,0
BRDA:17,0,1,0
BRDA:19,1,0,0
BRDA:19,1,1,0
BRF:4
BRH:0
end_of_record
TN:
SF:src/adapters/crm/crm.tokens.ts
FNF:0
FNH:0
DA:1,0
LF:1
LH:0
BRF:0
BRH:0
end_of_record
TN:
SF:src/adapters/crm/mock-crm-adapter.ts
FN:14,(anonymous_1)
FN:15,(anonymous_2)
FN:22,(anonymous_3)
FN:23,(anonymous_4)
FN:30,(anonymous_5)
FN:31,(anonymous_6)
FN:34,(anonymous_7)
FN:35,(anonymous_8)
FN:42,(anonymous_9)
FN:44,(anonymous_10)
FNF:10
FNH:0
FNDA:0,(anonymous_1)
FNDA:0,(anonymous_2)
FNDA:0,(anonymous_3)
FNDA:0,(anonymous_4)
FNDA:0,(anonymous_5)
FNDA:0,(anonymous_6)
FNDA:0,(anonymous_7)
FNDA:0,(anonymous_8)
FNDA:0,(anonymous_9)
FNDA:0,(anonymous_10)
DA:1,0
DA:6,0
DA:9,0
DA:10,0
DA:11,0
DA:12,0
DA:15,0
DA:16,0
DA:17,0
DA:19,0
DA:23,0
DA:24,0
DA:25,0
DA:27,0
DA:31,0
DA:35,0
DA:36,0
DA:37,0
DA:39,0
DA:43,0
DA:44,0
DA:46,0
DA:47,0
DA:49,0
LF:24
LH:0
BRDA:16,0,0,0
BRDA:24,1,0,0
BRDA:31,2,0,0
BRDA:31,2,1,0
BRDA:36,3,0,0
BRDA:44,4,0,0
BRDA:44,4,1,0
BRDA:46,5,0,0
BRF:8
BRH:0
end_of_record
TN:
SF:src/adapters/crm/mock-crm.data.ts
FNF:0
FNH:0
DA:5,0
DA:7,0
DA:28,0
DA:51,0
DA:114,0
LF:5
LH:0
BRF:0
BRH:0
end_of_record
TN:
SF:src/common/config/app-config.module.ts
FNF:0
FNH:0
DA:1,0
DA:2,0
DA:9,0
LF:3
LH:0
BRF:0
BRH:0
end_of_record
TN:
SF:src/common/config/app-config.service.ts
FN:13,(anonymous_3)
FN:17,(anonymous_4)
FN:21,(anonymous_5)
FN:29,(anonymous_6)
FN:42,(anonymous_7)
FN:60,(anonymous_8)
FN:61,(anonymous_9)
FN:73,(anonymous_10)
FNF:8
FNH:8
FNDA:3,(anonymous_3)
FNDA:5,(anonymous_4)
FNDA:3,(anonymous_5)
FNDA:4,(anonymous_6)
FNDA:3,(anonymous_7)
FNDA:7,(anonymous_8)
FNDA:17,(anonymous_9)
FNDA:45,(anonymous_10)
DA:1,1
DA:2,1
DA:3,1
DA:4,1
DA:5,1
DA:10,1
DA:14,3
DA:18,5
DA:22,3
DA:23,3
DA:24,3
DA:25,3
DA:26,3
DA:30,4
DA:31,4
DA:32,0
DA:33,0
DA:35,0
DA:38,4
DA:39,4
DA:43,3
DA:45,3
DA:46,1
DA:49,3
DA:50,0
DA:53,3
DA:54,1
DA:57,3
DA:61,7
DA:62,17
DA:63,30
DA:64,4
DA:66,26
DA:69,17
DA:74,45
LF:35
LH:31
BRDA:24,0,0,1
BRDA:24,0,1,2
BRDA:29,1,0,3
BRDA:31,2,0,0
BRDA:32,3,0,0
BRDA:39,4,0,4
BRDA:39,4,1,0
BRDA:45,5,0,1
BRDA:49,6,0,0
BRDA:53,7,0,1
BRDA:63,8,0,4
BRDA:63,8,1,26
BRDA:63,9,0,30
BRDA:63,9,1,15
BRDA:74,10,0,45
BRDA:74,10,1,19
BRDA:74,10,2,19
BRF:17
BRH:13
end_of_record
TN:
SF:src/common/config/config.schema.ts
FN:88,validateResolvedConfig
FN:93,(anonymous_2)
FNF:2
FNH:2
FNDA:3,validateResolvedConfig
FNDA:7,(anonymous_2)
DA:1,1
DA:29,1
DA:85,1
DA:86,1
DA:88,1
DA:89,3
DA:90,2
DA:93,7
DA:94,1
LF:9
LH:9
BRDA:89,0,0,2
BRDA:93,1,0,7
BRDA:93,1,1,4
BRDA:94,2,0,1
BRDA:94,2,1,0
BRF:5
BRH:4
end_of_record
TN:
SF:src/common/errors/workflow-module.error.ts
FN:2,(anonymous_0)
FNF:1
FNH:0
FNDA:0,(anonymous_0)
DA:1,0
DA:4,0
DA:6,0
DA:7,0
LF:4
LH:0
BRF:0
BRH:0
end_of_record
TN:
SF:src/common/logger/correlation-id.service.ts
FN:8,(anonymous_1)
FN:12,(anonymous_2)
FNF:2
FNH:0
FNDA:0,(anonymous_1)
FNDA:0,(anonymous_2)
DA:1,0
DA:2,0
DA:5,0
DA:6,0
DA:9,0
DA:13,0
LF:6
LH:0
BRF:0
BRH:0
end_of_record
TN:
SF:src/common/logger/logger.module.ts
FNF:0
FNH:0
DA:1,0
DA:2,0
DA:3,0
DA:10,0
LF:4
LH:0
BRF:0
BRH:0
end_of_record
TN:
SF:src/common/registry/module-registry.ts
FN:4,(anonymous_0)
FN:8,(anonymous_1)
FN:16,(anonymous_2)
FN:18,(anonymous_3)
FN:19,(anonymous_4)
FN:22,(anonymous_5)
FNF:6
FNH:6
FNDA:3,(anonymous_0)
FNDA:2,(anonymous_1)
FNDA:2,(anonymous_2)
FNDA:4,(anonymous_3)
FNDA:3,(anonymous_4)
FNDA:1,(anonymous_5)
DA:1,1
DA:2,3
DA:5,3
DA:9,2
DA:10,2
DA:11,1
DA:13,1
DA:17,2
DA:18,4
DA:19,3
DA:23,1
LF:11
LH:11
BRDA:4,0,0,0
BRDA:10,1,0,1
BRDA:18,2,0,2
BRDA:18,2,1,2
BRF:4
BRH:3
end_of_record
TN:
SF:src/health/health.controller.ts
FN:6,(anonymous_2)
FN:9,(anonymous_3)
FNF:2
FNH:0
FNDA:0,(anonymous_2)
FNDA:0,(anonymous_3)
DA:1,0
DA:2,0
DA:5,0
DA:6,0
DA:9,0
DA:10,0
LF:6
LH:0
BRDA:12,0,0,0
BRDA:12,0,1,0
BRF:2
BRH:0
end_of_record
TN:
SF:src/health/health.module.ts
FNF:0
FNH:0
DA:1,0
DA:2,0
DA:7,0
LF:3
LH:0
BRF:0
BRH:0
end_of_record
TN:
SF:src/modules/customer-context-acquisition/customer-context-acquisition.module.ts
FNF:0
FNH:0
DA:1,0
DA:2,0
DA:8,0
LF:3
LH:0
BRF:0
BRH:0
end_of_record
TN:
SF:src/modules/customer-data-retrieval/customer-data-retrieval.module.ts
FNF:0
FNH:0
DA:1,0
DA:2,0
DA:8,0
LF:3
LH:0
BRF:0
BRH:0
end_of_record
